<?xml version="1.0" encoding="UTF-8"?>
<!-- Generated by org.testng.reporters.JUnitReportReporter -->
<testsuite hostname="DESKTOP-AONMEIE" failures="0" tests="6" name="practice_1.TestNgClass" time="0.014" errors="0" timestamp="2022-11-21T16:57:30 IST" skipped="0">
  <testcase classname="practice_1.TestNgClass" name="test1" time="0.003"/>
  <system-out/>
  <testcase classname="practice_1.TestNgClass" name="test" time="0.001"/>
  <system-out/>
  <testcase classname="practice_1.TestNgClass" name="test1" time="0.003"/>
  <system-out/>
  <testcase classname="practice_1.TestNgClass" name="test" time="0.001"/>
  <system-out/>
  <testcase classname="practice_1.TestNgClass" name="test2" time="0.003"/>
  <system-out/>
  <testcase classname="practice_1.TestNgClass" name="test2" time="0.003"/>
  <system-out/>
</testsuite> <!-- practice_1.TestNgClass -->
